[0.604s] Invoking command in '/home/miguel/ros2_ws/src/my_robot_controller': PYTHONPATH=/home/miguel/ros2_ws/build/my_robot_controller/prefix_override:/home/miguel/ros2_ws/install/my_robot_controller/lib/python3.8/site-packages:${PYTHONPATH} /usr/bin/python3 setup.py egg_info --egg-base ../../build/my_robot_controller build --build-base /home/miguel/ros2_ws/build/my_robot_controller/build install --record /home/miguel/ros2_ws/build/my_robot_controller/install.log --install-scripts $base/lib/my_robot_controller --single-version-externally-managed
[0.797s] running egg_info
[0.798s] creating ../../build/my_robot_controller/my_robot_controller.egg-info
[0.798s] writing ../../build/my_robot_controller/my_robot_controller.egg-info/PKG-INFO
[0.798s] writing dependency_links to ../../build/my_robot_controller/my_robot_controller.egg-info/dependency_links.txt
[0.798s] writing entry points to ../../build/my_robot_controller/my_robot_controller.egg-info/entry_points.txt
[0.798s] writing requirements to ../../build/my_robot_controller/my_robot_controller.egg-info/requires.txt
[0.798s] writing top-level names to ../../build/my_robot_controller/my_robot_controller.egg-info/top_level.txt
[0.800s] writing manifest file '../../build/my_robot_controller/my_robot_controller.egg-info/SOURCES.txt'
[0.832s] reading manifest file '../../build/my_robot_controller/my_robot_controller.egg-info/SOURCES.txt'
[0.832s] writing manifest file '../../build/my_robot_controller/my_robot_controller.egg-info/SOURCES.txt'
[0.833s] running build
[0.833s] running build_py
[0.833s] creating /home/miguel/ros2_ws/build/my_robot_controller/build
[0.833s] creating /home/miguel/ros2_ws/build/my_robot_controller/build/lib
[0.833s] creating /home/miguel/ros2_ws/build/my_robot_controller/build/lib/my_robot_controller
[0.833s] copying my_robot_controller/__init__.py -> /home/miguel/ros2_ws/build/my_robot_controller/build/lib/my_robot_controller
[0.833s] running install
[0.833s] running install_lib
[0.834s] creating /home/miguel/ros2_ws/install/my_robot_controller/lib/python3.8/site-packages/my_robot_controller
[0.834s] copying /home/miguel/ros2_ws/build/my_robot_controller/build/lib/my_robot_controller/__init__.py -> /home/miguel/ros2_ws/install/my_robot_controller/lib/python3.8/site-packages/my_robot_controller
[0.835s] byte-compiling /home/miguel/ros2_ws/install/my_robot_controller/lib/python3.8/site-packages/my_robot_controller/__init__.py to __init__.cpython-38.pyc
[0.836s] running install_data
[0.836s] creating /home/miguel/ros2_ws/install/my_robot_controller/share/ament_index
[0.836s] creating /home/miguel/ros2_ws/install/my_robot_controller/share/ament_index/resource_index
[0.836s] creating /home/miguel/ros2_ws/install/my_robot_controller/share/ament_index/resource_index/packages
[0.837s] copying resource/my_robot_controller -> /home/miguel/ros2_ws/install/my_robot_controller/share/ament_index/resource_index/packages
[0.837s] copying package.xml -> /home/miguel/ros2_ws/install/my_robot_controller/share/my_robot_controller
[0.837s] running install_egg_info
[0.838s] Copying ../../build/my_robot_controller/my_robot_controller.egg-info to /home/miguel/ros2_ws/install/my_robot_controller/lib/python3.8/site-packages/my_robot_controller-0.0.0-py3.8.egg-info
[0.839s] running install_scripts
[0.855s] writing list of installed files to '/home/miguel/ros2_ws/build/my_robot_controller/install.log'
[0.873s] Invoked command in '/home/miguel/ros2_ws/src/my_robot_controller' returned '0': PYTHONPATH=/home/miguel/ros2_ws/build/my_robot_controller/prefix_override:/home/miguel/ros2_ws/install/my_robot_controller/lib/python3.8/site-packages:${PYTHONPATH} /usr/bin/python3 setup.py egg_info --egg-base ../../build/my_robot_controller build --build-base /home/miguel/ros2_ws/build/my_robot_controller/build install --record /home/miguel/ros2_ws/build/my_robot_controller/install.log --install-scripts $base/lib/my_robot_controller --single-version-externally-managed
