[0.014s] Invoking command in '/home/miguel/ros2_ws/build/tutorial_interfaces': CMAKE_PREFIX_PATH=/home/miguel/ros2_ws/install/my_robot_controller:/opt/ros/foxy /usr/bin/cmake /home/miguel/ros2_ws/src/tutorial_interfaces -DCMAKE_INSTALL_PREFIX=/home/miguel/ros2_ws/install/tutorial_interfaces
[0.026s] -- Found rosidl_default_generators: 1.0.1 (/opt/ros/foxy/share/rosidl_default_generators/cmake)
[0.026s] -- Found ament_cmake_core: 0.9.11 (/opt/ros/foxy/share/ament_cmake_core/cmake)
[0.048s] -- Using PYTHON_EXECUTABLE: /usr/bin/python3
[0.203s] -- Using all available rosidl_typesupport_c: rosidl_typesupport_fastrtps_c;rosidl_typesupport_introspection_c
[0.206s] -- Found rosidl_adapter: 1.3.0 (/opt/ros/foxy/share/rosidl_adapter/cmake)
[0.324s] -- Using all available rosidl_typesupport_cpp: rosidl_typesupport_fastrtps_cpp;rosidl_typesupport_introspection_cpp
[0.367s] -- Found PythonInterp: /usr/bin/python3 (found version "3.8.10") 
[0.526s] CMake Error at /opt/ros/foxy/share/rosidl_adapter/cmake/rosidl_adapt_interfaces.cmake:60 (message):
[0.526s]   execute_process(/usr/bin/python3 -m rosidl_adapter --package-name
[0.526s]   tutorial_interfaces --arguments-file
[0.526s]   /home/miguel/ros2_ws/build/tutorial_interfaces/rosidl_adapter__arguments__tutorial_interfaces.json
[0.526s]   --output-dir
[0.527s]   /home/miguel/ros2_ws/build/tutorial_interfaces/rosidl_adapter/tutorial_interfaces
[0.527s]   --output-file
[0.527s]   /home/miguel/ros2_ws/build/tutorial_interfaces/rosidl_adapter/tutorial_interfaces.idls)
[0.527s]   returned error code 1:
[0.527s] 
[0.527s]   Traceback (most recent call last):
[0.527s] 
[0.527s]     File "/usr/lib/python3.8/runpy.py", line 194, in _run_module_as_main
[0.527s]       return _run_code(code, main_globals, None,
[0.527s]     File "/usr/lib/python3.8/runpy.py", line 87, in _run_code
[0.528s]       exec(code, run_globals)
[0.528s]     File "/opt/ros/foxy/lib/python3.8/site-packages/rosidl_adapter/__main__.py", line 19, in <module>
[0.528s]       sys.exit(main())
[0.528s]     File "/opt/ros/foxy/lib/python3.8/site-packages/rosidl_adapter/main.py", line 53, in main
[0.528s]       abs_idl_file = convert_to_idl(
[0.528s]     File "/opt/ros/foxy/lib/python3.8/site-packages/rosidl_adapter/__init__.py", line 24, in convert_to_idl
[0.528s]       return convert_srv_to_idl(
[0.528s]     File "/opt/ros/foxy/lib/python3.8/site-packages/rosidl_adapter/srv/__init__.py", line 28, in convert_srv_to_idl
[0.528s]       srv = parse_service_string(package_name, input_file.stem, content)
[0.528s]     File "/opt/ros/foxy/lib/python3.8/site-packages/rosidl_adapter/parser.py", line 852, in parse_service_string
[0.528s]       request_message = parse_message_string(
[0.528s]     File "/opt/ros/foxy/lib/python3.8/site-packages/rosidl_adapter/parser.py", line 540, in parse_message_string
[0.528s]       msg = MessageSpecification(pkg_name, msg_name, fields, constants)
[0.528s]     File "/opt/ros/foxy/lib/python3.8/site-packages/rosidl_adapter/parser.py", line 387, in __init__
[0.529s]       self.base_type = BaseType(
[0.529s]     File "/opt/ros/foxy/lib/python3.8/site-packages/rosidl_adapter/parser.py", line 204, in __init__
[0.529s]       raise InvalidResourceName(
[0.529s] 
[0.529s]   rosidl_adapter.parser.InvalidResourceName: 'go_to_goal_Request' is an
[0.529s]   invalid message name.  It should have the pattern '^[A-Z][A-Za-z0-9]*$'
[0.529s] 
[0.529s] Call Stack (most recent call first):
[0.529s]   /opt/ros/foxy/share/rosidl_cmake/cmake/rosidl_generate_interfaces.cmake:130 (rosidl_adapt_interfaces)
[0.529s]   CMakeLists.txt:6 (rosidl_generate_interfaces)
[0.529s] 
[0.529s] 
[0.529s] -- Configuring incomplete, errors occurred!
[0.529s] See also "/home/miguel/ros2_ws/build/tutorial_interfaces/CMakeFiles/CMakeOutput.log".
[0.532s] Invoked command in '/home/miguel/ros2_ws/build/tutorial_interfaces' returned '1': CMAKE_PREFIX_PATH=/home/miguel/ros2_ws/install/my_robot_controller:/opt/ros/foxy /usr/bin/cmake /home/miguel/ros2_ws/src/tutorial_interfaces -DCMAKE_INSTALL_PREFIX=/home/miguel/ros2_ws/install/tutorial_interfaces
