[0.013s] Invoking command in '/home/miguel/ros2_ws/build/tutorial_interfaces': CMAKE_PREFIX_PATH=/home/miguel/ros2_ws/install/my_robot_controller:/opt/ros/foxy /usr/bin/cmake /home/miguel/ros2_ws/src/tutorial_interfaces -DCMAKE_INSTALL_PREFIX=/home/miguel/ros2_ws/install/tutorial_interfaces
[0.025s] -- Found rosidl_default_generators: 1.0.1 (/opt/ros/foxy/share/rosidl_default_generators/cmake)
[0.025s] -- Found ament_cmake_core: 0.9.11 (/opt/ros/foxy/share/ament_cmake_core/cmake)
[0.048s] -- Found PythonInterp: /usr/bin/python3 (found suitable version "3.8.10", minimum required is "3") 
[0.048s] -- Using PYTHON_EXECUTABLE: /usr/bin/python3
[0.208s] -- Using all available rosidl_typesupport_c: rosidl_typesupport_fastrtps_c;rosidl_typesupport_introspection_c
[0.211s] -- Found rosidl_adapter: 1.3.0 (/opt/ros/foxy/share/rosidl_adapter/cmake)
[0.332s] -- Using all available rosidl_typesupport_cpp: rosidl_typesupport_fastrtps_cpp;rosidl_typesupport_introspection_cpp
[0.375s] -- Found PythonInterp: /usr/bin/python3 (found version "3.8.10") 
[0.487s] -- Found ament_cmake_ros: 0.9.2 (/opt/ros/foxy/share/ament_cmake_ros/cmake)
[0.580s] -- Using all available rosidl_typesupport_c: rosidl_typesupport_fastrtps_c;rosidl_typesupport_introspection_c
[0.588s] -- Using all available rosidl_typesupport_cpp: rosidl_typesupport_fastrtps_cpp;rosidl_typesupport_introspection_cpp
[0.612s] -- Found PythonInterp: /usr/bin/python3 (found suitable version "3.8.10", minimum required is "3.5") 
[0.615s] -- Found python_cmake_module: 0.8.1 (/opt/ros/foxy/share/python_cmake_module/cmake)
[0.644s] -- Found PythonLibs: /usr/lib/x86_64-linux-gnu/libpython3.8.so (found suitable version "3.8.10", minimum required is "3.5") 
[0.644s] -- Using PYTHON_EXECUTABLE: /usr/bin/python3
[0.644s] -- Using PYTHON_INCLUDE_DIRS: /usr/include/python3.8
[0.644s] -- Using PYTHON_LIBRARIES: /usr/lib/x86_64-linux-gnu/libpython3.8.so
[0.666s] -- Found PythonExtra: .so  
[0.702s] -- Found ament_lint_auto: 0.9.7 (/opt/ros/foxy/share/ament_lint_auto/cmake)
[0.716s] -- Added test 'copyright' to check source files copyright and LICENSE
[0.717s] -- Added test 'lint_cmake' to check CMake code style
[0.718s] -- Added test 'xmllint' to check XML markup files
[0.721s] -- Configuring done
[0.747s] -- Generating done
[0.749s] -- Build files have been written to: /home/miguel/ros2_ws/build/tutorial_interfaces
[0.754s] Invoked command in '/home/miguel/ros2_ws/build/tutorial_interfaces' returned '0': CMAKE_PREFIX_PATH=/home/miguel/ros2_ws/install/my_robot_controller:/opt/ros/foxy /usr/bin/cmake /home/miguel/ros2_ws/src/tutorial_interfaces -DCMAKE_INSTALL_PREFIX=/home/miguel/ros2_ws/install/tutorial_interfaces
[0.756s] Invoking command in '/home/miguel/ros2_ws/build/tutorial_interfaces': CMAKE_PREFIX_PATH=/home/miguel/ros2_ws/install/my_robot_controller:/opt/ros/foxy /usr/bin/cmake --build /home/miguel/ros2_ws/build/tutorial_interfaces -- -j8 -l8
[0.790s] [  2%] [34m[1mGenerating C code for ROS interfaces[0m
[0.790s] [35m[1mScanning dependencies of target tutorial_interfaces__cpp[0m
[0.798s] [  5%] [34m[1mGenerating C++ code for ROS interfaces[0m
[1.040s] [  5%] Built target tutorial_interfaces__cpp
[1.051s] [  7%] [34m[1mGenerating C++ type support for eProsima Fast-RTPS[0m
[1.052s] [ 10%] [34m[1mGenerating C++ type support dispatch for ROS interfaces[0m
[1.052s] [ 12%] [34m[1mGenerating C++ introspection for ROS interfaces[0m
[1.068s] [35m[1mScanning dependencies of target tutorial_interfaces__rosidl_generator_c[0m
[1.083s] [ 15%] [32mBuilding C object CMakeFiles/tutorial_interfaces__rosidl_generator_c.dir/rosidl_generator_c/tutorial_interfaces/srv/detail/gotogoal__functions.c.o[0m
[1.086s] [ 17%] [32mBuilding C object CMakeFiles/tutorial_interfaces__rosidl_generator_c.dir/rosidl_generator_c/tutorial_interfaces/msg/detail/num__functions.c.o[0m
[1.159s] [ 20%] [32m[1mLinking C shared library libtutorial_interfaces__rosidl_generator_c.so[0m
[1.188s] [ 20%] Built target tutorial_interfaces__rosidl_generator_c
[1.196s] [ 23%] [34m[1mGenerating C introspection for ROS interfaces[0m
[1.200s] [ 25%] [34m[1mGenerating C type support dispatch for ROS interfaces[0m
[1.278s] [35m[1mScanning dependencies of target tutorial_interfaces__rosidl_typesupport_cpp[0m
[1.296s] [ 28%] [32mBuilding CXX object CMakeFiles/tutorial_interfaces__rosidl_typesupport_cpp.dir/rosidl_typesupport_cpp/tutorial_interfaces/srv/gotogoal__type_support.cpp.o[0m
[1.297s] [ 30%] [32mBuilding CXX object CMakeFiles/tutorial_interfaces__rosidl_typesupport_cpp.dir/rosidl_typesupport_cpp/tutorial_interfaces/msg/num__type_support.cpp.o[0m
[1.301s] [35m[1mScanning dependencies of target tutorial_interfaces__rosidl_typesupport_introspection_cpp[0m
[1.317s] [ 33%] [32mBuilding CXX object CMakeFiles/tutorial_interfaces__rosidl_typesupport_introspection_cpp.dir/rosidl_typesupport_introspection_cpp/tutorial_interfaces/msg/detail/num__type_support.cpp.o[0m
[1.318s] [ 35%] [32mBuilding CXX object CMakeFiles/tutorial_interfaces__rosidl_typesupport_introspection_cpp.dir/rosidl_typesupport_introspection_cpp/tutorial_interfaces/srv/detail/gotogoal__type_support.cpp.o[0m
[1.319s] [35m[1mScanning dependencies of target tutorial_interfaces__rosidl_typesupport_fastrtps_cpp[0m
[1.352s] [ 38%] [32mBuilding CXX object CMakeFiles/tutorial_interfaces__rosidl_typesupport_fastrtps_cpp.dir/rosidl_typesupport_fastrtps_cpp/tutorial_interfaces/srv/detail/dds_fastrtps/gotogoal__type_support.cpp.o[0m
[1.352s] [ 41%] [32mBuilding CXX object CMakeFiles/tutorial_interfaces__rosidl_typesupport_fastrtps_cpp.dir/rosidl_typesupport_fastrtps_cpp/tutorial_interfaces/msg/detail/dds_fastrtps/num__type_support.cpp.o[0m
[1.606s] [35m[1mScanning dependencies of target tutorial_interfaces__rosidl_typesupport_c[0m
[1.623s] [ 43%] [32mBuilding CXX object CMakeFiles/tutorial_interfaces__rosidl_typesupport_c.dir/rosidl_typesupport_c/tutorial_interfaces/msg/num__type_support.cpp.o[0m
[1.658s] [35m[1mScanning dependencies of target tutorial_interfaces__rosidl_typesupport_introspection_c[0m
[1.665s] [ 46%] [32mBuilding CXX object CMakeFiles/tutorial_interfaces__rosidl_typesupport_c.dir/rosidl_typesupport_c/tutorial_interfaces/srv/gotogoal__type_support.cpp.o[0m
[1.675s] [ 48%] [32mBuilding C object CMakeFiles/tutorial_interfaces__rosidl_typesupport_introspection_c.dir/rosidl_typesupport_introspection_c/tutorial_interfaces/msg/detail/num__type_support.c.o[0m
[1.704s] [ 51%] [32m[1mLinking CXX shared library libtutorial_interfaces__rosidl_typesupport_c.so[0m
[1.721s] [ 53%] [32mBuilding C object CMakeFiles/tutorial_interfaces__rosidl_typesupport_introspection_c.dir/rosidl_typesupport_introspection_c/tutorial_interfaces/srv/detail/gotogoal__type_support.c.o[0m
[1.745s] [ 56%] [32m[1mLinking CXX shared library libtutorial_interfaces__rosidl_typesupport_cpp.so[0m
[1.754s] [ 58%] [32m[1mLinking CXX shared library libtutorial_interfaces__rosidl_typesupport_introspection_cpp.so[0m
[1.758s] [ 58%] Built target tutorial_interfaces__rosidl_typesupport_c
[1.769s] [ 61%] [32m[1mLinking C shared library libtutorial_interfaces__rosidl_typesupport_introspection_c.so[0m
[1.786s] [ 61%] Built target tutorial_interfaces__rosidl_typesupport_cpp
[1.806s] [ 61%] Built target tutorial_interfaces__rosidl_typesupport_introspection_c
[1.816s] [ 61%] Built target tutorial_interfaces__rosidl_typesupport_introspection_cpp
[1.914s] [ 64%] [32m[1mLinking CXX shared library libtutorial_interfaces__rosidl_typesupport_fastrtps_cpp.so[0m
[1.985s] [ 64%] Built target tutorial_interfaces__rosidl_typesupport_fastrtps_cpp
[1.994s] [ 66%] [34m[1mGenerating C type support for eProsima Fast-RTPS[0m
[2.224s] [35m[1mScanning dependencies of target tutorial_interfaces__rosidl_typesupport_fastrtps_c[0m
[2.239s] [ 71%] [32mBuilding CXX object CMakeFiles/tutorial_interfaces__rosidl_typesupport_fastrtps_c.dir/rosidl_typesupport_fastrtps_c/tutorial_interfaces/srv/detail/gotogoal__type_support_c.cpp.o[0m
[2.239s] [ 71%] [32mBuilding CXX object CMakeFiles/tutorial_interfaces__rosidl_typesupport_fastrtps_c.dir/rosidl_typesupport_fastrtps_c/tutorial_interfaces/msg/detail/num__type_support_c.cpp.o[0m
[2.556s] [ 74%] [32m[1mLinking CXX shared library libtutorial_interfaces__rosidl_typesupport_fastrtps_c.so[0m
[2.630s] [ 74%] Built target tutorial_interfaces__rosidl_typesupport_fastrtps_c
[2.639s] [35m[1mScanning dependencies of target tutorial_interfaces[0m
[2.648s] [ 74%] Built target tutorial_interfaces
[2.657s] [35m[1mScanning dependencies of target tutorial_interfaces__py[0m
[2.666s] [ 76%] [34m[1mGenerating Python code for ROS interfaces[0m
[3.107s] [ 76%] Built target tutorial_interfaces__py
[3.116s] [35m[1mScanning dependencies of target tutorial_interfaces__python[0m
[3.166s] [ 79%] [32mBuilding C object CMakeFiles/tutorial_interfaces__python.dir/rosidl_generator_py/tutorial_interfaces/srv/_gotogoal_s.c.o[0m
[3.166s] [ 82%] [32mBuilding C object CMakeFiles/tutorial_interfaces__python.dir/rosidl_generator_py/tutorial_interfaces/msg/_num_s.c.o[0m
[3.264s] [ 84%] [32m[1mLinking C shared library rosidl_generator_py/tutorial_interfaces/libtutorial_interfaces__python.so[0m
[3.297s] [ 84%] Built target tutorial_interfaces__python
[3.306s] [35m[1mScanning dependencies of target tutorial_interfaces__rosidl_typesupport_introspection_c__pyext[0m
[3.306s] [35m[1mScanning dependencies of target tutorial_interfaces__rosidl_typesupport_c__pyext[0m
[3.306s] [35m[1mScanning dependencies of target tutorial_interfaces__rosidl_typesupport_fastrtps_c__pyext[0m
[3.321s] [ 87%] [32mBuilding C object CMakeFiles/tutorial_interfaces__rosidl_typesupport_c__pyext.dir/rosidl_generator_py/tutorial_interfaces/_tutorial_interfaces_s.ep.rosidl_typesupport_c.c.o[0m
[3.323s] [ 89%] [32mBuilding C object CMakeFiles/tutorial_interfaces__rosidl_typesupport_introspection_c__pyext.dir/rosidl_generator_py/tutorial_interfaces/_tutorial_interfaces_s.ep.rosidl_typesupport_introspection_c.c.o[0m
[3.323s] [ 92%] [32mBuilding C object CMakeFiles/tutorial_interfaces__rosidl_typesupport_fastrtps_c__pyext.dir/rosidl_generator_py/tutorial_interfaces/_tutorial_interfaces_s.ep.rosidl_typesupport_fastrtps_c.c.o[0m
[3.395s] [ 94%] [32m[1mLinking C shared library rosidl_generator_py/tutorial_interfaces/tutorial_interfaces_s__rosidl_typesupport_c.cpython-38-x86_64-linux-gnu.so[0m
[3.396s] [ 97%] [32m[1mLinking C shared library rosidl_generator_py/tutorial_interfaces/tutorial_interfaces_s__rosidl_typesupport_introspection_c.cpython-38-x86_64-linux-gnu.so[0m
[3.396s] [100%] [32m[1mLinking CXX shared library rosidl_generator_py/tutorial_interfaces/tutorial_interfaces_s__rosidl_typesupport_fastrtps_c.cpython-38-x86_64-linux-gnu.so[0m
[3.424s] [100%] Built target tutorial_interfaces__rosidl_typesupport_introspection_c__pyext
[3.425s] [100%] Built target tutorial_interfaces__rosidl_typesupport_c__pyext
[3.450s] [100%] Built target tutorial_interfaces__rosidl_typesupport_fastrtps_c__pyext
[3.460s] Invoked command in '/home/miguel/ros2_ws/build/tutorial_interfaces' returned '0': CMAKE_PREFIX_PATH=/home/miguel/ros2_ws/install/my_robot_controller:/opt/ros/foxy /usr/bin/cmake --build /home/miguel/ros2_ws/build/tutorial_interfaces -- -j8 -l8
[3.511s] Invoking command in '/home/miguel/ros2_ws/build/tutorial_interfaces': CMAKE_PREFIX_PATH=/home/miguel/ros2_ws/install/my_robot_controller:/opt/ros/foxy /usr/bin/cmake --install /home/miguel/ros2_ws/build/tutorial_interfaces
[3.518s] -- Install configuration: ""
[3.518s] -- Installing: /home/miguel/ros2_ws/install/tutorial_interfaces/share/ament_index/resource_index/rosidl_interfaces/tutorial_interfaces
[3.518s] -- Installing: /home/miguel/ros2_ws/install/tutorial_interfaces/include/tutorial_interfaces
[3.518s] -- Installing: /home/miguel/ros2_ws/install/tutorial_interfaces/include/tutorial_interfaces/msg
[3.518s] -- Installing: /home/miguel/ros2_ws/install/tutorial_interfaces/include/tutorial_interfaces/msg/detail
[3.518s] -- Installing: /home/miguel/ros2_ws/install/tutorial_interfaces/include/tutorial_interfaces/msg/detail/num__functions.c
[3.519s] -- Installing: /home/miguel/ros2_ws/install/tutorial_interfaces/include/tutorial_interfaces/msg/detail/num__type_support.h
[3.519s] -- Installing: /home/miguel/ros2_ws/install/tutorial_interfaces/include/tutorial_interfaces/msg/detail/num__struct.h
[3.519s] -- Installing: /home/miguel/ros2_ws/install/tutorial_interfaces/include/tutorial_interfaces/msg/detail/num__functions.h
[3.519s] -- Installing: /home/miguel/ros2_ws/install/tutorial_interfaces/include/tutorial_interfaces/msg/rosidl_generator_c__visibility_control.h
[3.519s] -- Installing: /home/miguel/ros2_ws/install/tutorial_interfaces/include/tutorial_interfaces/msg/num.h
[3.519s] -- Installing: /home/miguel/ros2_ws/install/tutorial_interfaces/include/tutorial_interfaces/srv
[3.519s] -- Installing: /home/miguel/ros2_ws/install/tutorial_interfaces/include/tutorial_interfaces/srv/gotogoal.h
[3.519s] -- Installing: /home/miguel/ros2_ws/install/tutorial_interfaces/include/tutorial_interfaces/srv/detail
[3.519s] -- Installing: /home/miguel/ros2_ws/install/tutorial_interfaces/include/tutorial_interfaces/srv/detail/gotogoal__functions.h
[3.519s] -- Installing: /home/miguel/ros2_ws/install/tutorial_interfaces/include/tutorial_interfaces/srv/detail/gotogoal__type_support.h
[3.519s] -- Installing: /home/miguel/ros2_ws/install/tutorial_interfaces/include/tutorial_interfaces/srv/detail/gotogoal__struct.h
[3.519s] -- Installing: /home/miguel/ros2_ws/install/tutorial_interfaces/include/tutorial_interfaces/srv/detail/gotogoal__functions.c
[3.519s] -- Installing: /home/miguel/ros2_ws/install/tutorial_interfaces/share/tutorial_interfaces/environment/library_path.sh
[3.519s] -- Installing: /home/miguel/ros2_ws/install/tutorial_interfaces/share/tutorial_interfaces/environment/library_path.dsv
[3.519s] -- Installing: /home/miguel/ros2_ws/install/tutorial_interfaces/lib/libtutorial_interfaces__rosidl_generator_c.so
[3.520s] -- Set runtime path of "/home/miguel/ros2_ws/install/tutorial_interfaces/lib/libtutorial_interfaces__rosidl_generator_c.so" to ""
[3.520s] -- Up-to-date: /home/miguel/ros2_ws/install/tutorial_interfaces/include/tutorial_interfaces
[3.520s] -- Up-to-date: /home/miguel/ros2_ws/install/tutorial_interfaces/include/tutorial_interfaces/msg
[3.520s] -- Up-to-date: /home/miguel/ros2_ws/install/tutorial_interfaces/include/tutorial_interfaces/msg/detail
[3.520s] -- Installing: /home/miguel/ros2_ws/install/tutorial_interfaces/include/tutorial_interfaces/msg/detail/num__rosidl_typesupport_fastrtps_c.h
[3.520s] -- Installing: /home/miguel/ros2_ws/install/tutorial_interfaces/include/tutorial_interfaces/msg/rosidl_typesupport_fastrtps_c__visibility_control.h
[3.520s] -- Up-to-date: /home/miguel/ros2_ws/install/tutorial_interfaces/include/tutorial_interfaces/srv
[3.520s] -- Up-to-date: /home/miguel/ros2_ws/install/tutorial_interfaces/include/tutorial_interfaces/srv/detail
[3.520s] -- Installing: /home/miguel/ros2_ws/install/tutorial_interfaces/include/tutorial_interfaces/srv/detail/gotogoal__rosidl_typesupport_fastrtps_c.h
[3.520s] -- Installing: /home/miguel/ros2_ws/install/tutorial_interfaces/lib/libtutorial_interfaces__rosidl_typesupport_fastrtps_c.so
[3.520s] -- Set runtime path of "/home/miguel/ros2_ws/install/tutorial_interfaces/lib/libtutorial_interfaces__rosidl_typesupport_fastrtps_c.so" to ""
[3.520s] -- Up-to-date: /home/miguel/ros2_ws/install/tutorial_interfaces/include/tutorial_interfaces
[3.520s] -- Up-to-date: /home/miguel/ros2_ws/install/tutorial_interfaces/include/tutorial_interfaces/msg
[3.521s] -- Up-to-date: /home/miguel/ros2_ws/install/tutorial_interfaces/include/tutorial_interfaces/msg/detail
[3.521s] -- Installing: /home/miguel/ros2_ws/install/tutorial_interfaces/include/tutorial_interfaces/msg/detail/num__rosidl_typesupport_fastrtps_cpp.hpp
[3.521s] -- Installing: /home/miguel/ros2_ws/install/tutorial_interfaces/include/tutorial_interfaces/msg/detail/dds_fastrtps
[3.521s] -- Installing: /home/miguel/ros2_ws/install/tutorial_interfaces/include/tutorial_interfaces/msg/rosidl_typesupport_fastrtps_cpp__visibility_control.h
[3.521s] -- Up-to-date: /home/miguel/ros2_ws/install/tutorial_interfaces/include/tutorial_interfaces/srv
[3.521s] -- Up-to-date: /home/miguel/ros2_ws/install/tutorial_interfaces/include/tutorial_interfaces/srv/detail
[3.521s] -- Installing: /home/miguel/ros2_ws/install/tutorial_interfaces/include/tutorial_interfaces/srv/detail/dds_fastrtps
[3.521s] -- Installing: /home/miguel/ros2_ws/install/tutorial_interfaces/include/tutorial_interfaces/srv/detail/gotogoal__rosidl_typesupport_fastrtps_cpp.hpp
[3.521s] -- Installing: /home/miguel/ros2_ws/install/tutorial_interfaces/lib/libtutorial_interfaces__rosidl_typesupport_fastrtps_cpp.so
[3.521s] -- Set runtime path of "/home/miguel/ros2_ws/install/tutorial_interfaces/lib/libtutorial_interfaces__rosidl_typesupport_fastrtps_cpp.so" to ""
[3.521s] -- Up-to-date: /home/miguel/ros2_ws/install/tutorial_interfaces/include/tutorial_interfaces
[3.521s] -- Up-to-date: /home/miguel/ros2_ws/install/tutorial_interfaces/include/tutorial_interfaces/msg
[3.521s] -- Installing: /home/miguel/ros2_ws/install/tutorial_interfaces/include/tutorial_interfaces/msg/rosidl_typesupport_introspection_c__visibility_control.h
[3.521s] -- Up-to-date: /home/miguel/ros2_ws/install/tutorial_interfaces/include/tutorial_interfaces/msg/detail
[3.522s] -- Installing: /home/miguel/ros2_ws/install/tutorial_interfaces/include/tutorial_interfaces/msg/detail/num__type_support.c
[3.522s] -- Installing: /home/miguel/ros2_ws/install/tutorial_interfaces/include/tutorial_interfaces/msg/detail/num__rosidl_typesupport_introspection_c.h
[3.522s] -- Up-to-date: /home/miguel/ros2_ws/install/tutorial_interfaces/include/tutorial_interfaces/srv
[3.522s] -- Up-to-date: /home/miguel/ros2_ws/install/tutorial_interfaces/include/tutorial_interfaces/srv/detail
[3.522s] -- Installing: /home/miguel/ros2_ws/install/tutorial_interfaces/include/tutorial_interfaces/srv/detail/gotogoal__rosidl_typesupport_introspection_c.h
[3.522s] -- Installing: /home/miguel/ros2_ws/install/tutorial_interfaces/include/tutorial_interfaces/srv/detail/gotogoal__type_support.c
[3.522s] -- Installing: /home/miguel/ros2_ws/install/tutorial_interfaces/lib/libtutorial_interfaces__rosidl_typesupport_introspection_c.so
[3.522s] -- Set runtime path of "/home/miguel/ros2_ws/install/tutorial_interfaces/lib/libtutorial_interfaces__rosidl_typesupport_introspection_c.so" to ""
[3.522s] -- Installing: /home/miguel/ros2_ws/install/tutorial_interfaces/lib/libtutorial_interfaces__rosidl_typesupport_c.so
[3.522s] -- Set runtime path of "/home/miguel/ros2_ws/install/tutorial_interfaces/lib/libtutorial_interfaces__rosidl_typesupport_c.so" to ""
[3.522s] -- Up-to-date: /home/miguel/ros2_ws/install/tutorial_interfaces/include/tutorial_interfaces
[3.522s] -- Up-to-date: /home/miguel/ros2_ws/install/tutorial_interfaces/include/tutorial_interfaces/msg
[3.522s] -- Up-to-date: /home/miguel/ros2_ws/install/tutorial_interfaces/include/tutorial_interfaces/msg/detail
[3.522s] -- Installing: /home/miguel/ros2_ws/install/tutorial_interfaces/include/tutorial_interfaces/msg/detail/num__traits.hpp
[3.523s] -- Installing: /home/miguel/ros2_ws/install/tutorial_interfaces/include/tutorial_interfaces/msg/detail/num__struct.hpp
[3.523s] -- Installing: /home/miguel/ros2_ws/install/tutorial_interfaces/include/tutorial_interfaces/msg/detail/num__builder.hpp
[3.523s] -- Installing: /home/miguel/ros2_ws/install/tutorial_interfaces/include/tutorial_interfaces/msg/num.hpp
[3.523s] -- Up-to-date: /home/miguel/ros2_ws/install/tutorial_interfaces/include/tutorial_interfaces/srv
[3.523s] -- Up-to-date: /home/miguel/ros2_ws/install/tutorial_interfaces/include/tutorial_interfaces/srv/detail
[3.523s] -- Installing: /home/miguel/ros2_ws/install/tutorial_interfaces/include/tutorial_interfaces/srv/detail/gotogoal__builder.hpp
[3.523s] -- Installing: /home/miguel/ros2_ws/install/tutorial_interfaces/include/tutorial_interfaces/srv/detail/gotogoal__struct.hpp
[3.523s] -- Installing: /home/miguel/ros2_ws/install/tutorial_interfaces/include/tutorial_interfaces/srv/detail/gotogoal__traits.hpp
[3.523s] -- Installing: /home/miguel/ros2_ws/install/tutorial_interfaces/include/tutorial_interfaces/srv/gotogoal.hpp
[3.523s] -- Up-to-date: /home/miguel/ros2_ws/install/tutorial_interfaces/include/tutorial_interfaces
[3.523s] -- Up-to-date: /home/miguel/ros2_ws/install/tutorial_interfaces/include/tutorial_interfaces/msg
[3.523s] -- Up-to-date: /home/miguel/ros2_ws/install/tutorial_interfaces/include/tutorial_interfaces/msg/detail
[3.523s] -- Installing: /home/miguel/ros2_ws/install/tutorial_interfaces/include/tutorial_interfaces/msg/detail/num__rosidl_typesupport_introspection_cpp.hpp
[3.523s] -- Installing: /home/miguel/ros2_ws/install/tutorial_interfaces/include/tutorial_interfaces/msg/detail/num__type_support.cpp
[3.524s] -- Up-to-date: /home/miguel/ros2_ws/install/tutorial_interfaces/include/tutorial_interfaces/srv
[3.524s] -- Up-to-date: /home/miguel/ros2_ws/install/tutorial_interfaces/include/tutorial_interfaces/srv/detail
[3.524s] -- Installing: /home/miguel/ros2_ws/install/tutorial_interfaces/include/tutorial_interfaces/srv/detail/gotogoal__rosidl_typesupport_introspection_cpp.hpp
[3.524s] -- Installing: /home/miguel/ros2_ws/install/tutorial_interfaces/include/tutorial_interfaces/srv/detail/gotogoal__type_support.cpp
[3.524s] -- Installing: /home/miguel/ros2_ws/install/tutorial_interfaces/lib/libtutorial_interfaces__rosidl_typesupport_introspection_cpp.so
[3.524s] -- Set runtime path of "/home/miguel/ros2_ws/install/tutorial_interfaces/lib/libtutorial_interfaces__rosidl_typesupport_introspection_cpp.so" to ""
[3.524s] -- Installing: /home/miguel/ros2_ws/install/tutorial_interfaces/lib/libtutorial_interfaces__rosidl_typesupport_cpp.so
[3.524s] -- Set runtime path of "/home/miguel/ros2_ws/install/tutorial_interfaces/lib/libtutorial_interfaces__rosidl_typesupport_cpp.so" to ""
[3.524s] -- Installing: /home/miguel/ros2_ws/install/tutorial_interfaces/share/tutorial_interfaces/environment/pythonpath.sh
[3.524s] -- Installing: /home/miguel/ros2_ws/install/tutorial_interfaces/share/tutorial_interfaces/environment/pythonpath.dsv
[3.524s] -- Installing: /home/miguel/ros2_ws/install/tutorial_interfaces/lib/python3.8/site-packages/tutorial_interfaces/__init__.py
[3.552s] Compiling '/home/miguel/ros2_ws/install/tutorial_interfaces/lib/python3.8/site-packages/tutorial_interfaces/__init__.py'...
[3.555s] -- Installing: /home/miguel/ros2_ws/install/tutorial_interfaces/lib/python3.8/site-packages/tutorial_interfaces/msg
[3.555s] -- Installing: /home/miguel/ros2_ws/install/tutorial_interfaces/lib/python3.8/site-packages/tutorial_interfaces/msg/__init__.py
[3.555s] -- Installing: /home/miguel/ros2_ws/install/tutorial_interfaces/lib/python3.8/site-packages/tutorial_interfaces/msg/_num.py
[3.555s] -- Installing: /home/miguel/ros2_ws/install/tutorial_interfaces/lib/python3.8/site-packages/tutorial_interfaces/msg/_num_s.c
[3.555s] -- Installing: /home/miguel/ros2_ws/install/tutorial_interfaces/lib/python3.8/site-packages/tutorial_interfaces/srv
[3.555s] -- Installing: /home/miguel/ros2_ws/install/tutorial_interfaces/lib/python3.8/site-packages/tutorial_interfaces/srv/__init__.py
[3.556s] -- Installing: /home/miguel/ros2_ws/install/tutorial_interfaces/lib/python3.8/site-packages/tutorial_interfaces/srv/_gotogoal.py
[3.556s] -- Installing: /home/miguel/ros2_ws/install/tutorial_interfaces/lib/python3.8/site-packages/tutorial_interfaces/srv/_gotogoal_s.c
[3.556s] -- Installing: /home/miguel/ros2_ws/install/tutorial_interfaces/lib/python3.8/site-packages/tutorial_interfaces/tutorial_interfaces_s__rosidl_typesupport_fastrtps_c.cpython-38-x86_64-linux-gnu.so
[3.556s] -- Set runtime path of "/home/miguel/ros2_ws/install/tutorial_interfaces/lib/python3.8/site-packages/tutorial_interfaces/tutorial_interfaces_s__rosidl_typesupport_fastrtps_c.cpython-38-x86_64-linux-gnu.so" to ""
[3.556s] -- Installing: /home/miguel/ros2_ws/install/tutorial_interfaces/lib/python3.8/site-packages/tutorial_interfaces/tutorial_interfaces_s__rosidl_typesupport_introspection_c.cpython-38-x86_64-linux-gnu.so
[3.557s] -- Set runtime path of "/home/miguel/ros2_ws/install/tutorial_interfaces/lib/python3.8/site-packages/tutorial_interfaces/tutorial_interfaces_s__rosidl_typesupport_introspection_c.cpython-38-x86_64-linux-gnu.so" to ""
[3.557s] -- Installing: /home/miguel/ros2_ws/install/tutorial_interfaces/lib/python3.8/site-packages/tutorial_interfaces/tutorial_interfaces_s__rosidl_typesupport_c.cpython-38-x86_64-linux-gnu.so
[3.557s] -- Set runtime path of "/home/miguel/ros2_ws/install/tutorial_interfaces/lib/python3.8/site-packages/tutorial_interfaces/tutorial_interfaces_s__rosidl_typesupport_c.cpython-38-x86_64-linux-gnu.so" to ""
[3.558s] -- Installing: /home/miguel/ros2_ws/install/tutorial_interfaces/lib/libtutorial_interfaces__python.so
[3.558s] -- Set runtime path of "/home/miguel/ros2_ws/install/tutorial_interfaces/lib/libtutorial_interfaces__python.so" to ""
[3.558s] -- Installing: /home/miguel/ros2_ws/install/tutorial_interfaces/share/tutorial_interfaces/msg/Num.idl
[3.558s] -- Installing: /home/miguel/ros2_ws/install/tutorial_interfaces/share/tutorial_interfaces/srv/Gotogoal.idl
[3.558s] -- Installing: /home/miguel/ros2_ws/install/tutorial_interfaces/share/tutorial_interfaces/msg/Num.msg
[3.558s] -- Installing: /home/miguel/ros2_ws/install/tutorial_interfaces/share/tutorial_interfaces/srv/Gotogoal.srv
[3.558s] -- Installing: /home/miguel/ros2_ws/install/tutorial_interfaces/share/tutorial_interfaces/srv/Gotogoal_Request.msg
[3.558s] -- Installing: /home/miguel/ros2_ws/install/tutorial_interfaces/share/tutorial_interfaces/srv/Gotogoal_Response.msg
[3.558s] -- Installing: /home/miguel/ros2_ws/install/tutorial_interfaces/share/ament_index/resource_index/package_run_dependencies/tutorial_interfaces
[3.559s] -- Installing: /home/miguel/ros2_ws/install/tutorial_interfaces/share/ament_index/resource_index/parent_prefix_path/tutorial_interfaces
[3.559s] -- Installing: /home/miguel/ros2_ws/install/tutorial_interfaces/share/tutorial_interfaces/environment/ament_prefix_path.sh
[3.559s] -- Installing: /home/miguel/ros2_ws/install/tutorial_interfaces/share/tutorial_interfaces/environment/ament_prefix_path.dsv
[3.559s] -- Installing: /home/miguel/ros2_ws/install/tutorial_interfaces/share/tutorial_interfaces/environment/path.sh
[3.559s] -- Installing: /home/miguel/ros2_ws/install/tutorial_interfaces/share/tutorial_interfaces/environment/path.dsv
[3.559s] -- Installing: /home/miguel/ros2_ws/install/tutorial_interfaces/share/tutorial_interfaces/local_setup.bash
[3.559s] -- Installing: /home/miguel/ros2_ws/install/tutorial_interfaces/share/tutorial_interfaces/local_setup.sh
[3.559s] -- Installing: /home/miguel/ros2_ws/install/tutorial_interfaces/share/tutorial_interfaces/local_setup.zsh
[3.559s] -- Installing: /home/miguel/ros2_ws/install/tutorial_interfaces/share/tutorial_interfaces/local_setup.dsv
[3.560s] -- Installing: /home/miguel/ros2_ws/install/tutorial_interfaces/share/tutorial_interfaces/package.dsv
[3.560s] -- Installing: /home/miguel/ros2_ws/install/tutorial_interfaces/share/ament_index/resource_index/packages/tutorial_interfaces
[3.560s] -- Installing: /home/miguel/ros2_ws/install/tutorial_interfaces/share/tutorial_interfaces/cmake/tutorial_interfaces__rosidl_generator_cExport.cmake
[3.560s] -- Installing: /home/miguel/ros2_ws/install/tutorial_interfaces/share/tutorial_interfaces/cmake/tutorial_interfaces__rosidl_generator_cExport-noconfig.cmake
[3.560s] -- Installing: /home/miguel/ros2_ws/install/tutorial_interfaces/share/tutorial_interfaces/cmake/tutorial_interfaces__rosidl_typesupport_introspection_cExport.cmake
[3.560s] -- Installing: /home/miguel/ros2_ws/install/tutorial_interfaces/share/tutorial_interfaces/cmake/tutorial_interfaces__rosidl_typesupport_introspection_cExport-noconfig.cmake
[3.560s] -- Installing: /home/miguel/ros2_ws/install/tutorial_interfaces/share/tutorial_interfaces/cmake/tutorial_interfaces__rosidl_typesupport_cExport.cmake
[3.561s] -- Installing: /home/miguel/ros2_ws/install/tutorial_interfaces/share/tutorial_interfaces/cmake/tutorial_interfaces__rosidl_typesupport_cExport-noconfig.cmake
[3.561s] -- Installing: /home/miguel/ros2_ws/install/tutorial_interfaces/share/tutorial_interfaces/cmake/tutorial_interfaces__rosidl_generator_cppExport.cmake
[3.561s] -- Installing: /home/miguel/ros2_ws/install/tutorial_interfaces/share/tutorial_interfaces/cmake/tutorial_interfaces__rosidl_typesupport_introspection_cppExport.cmake
[3.561s] -- Installing: /home/miguel/ros2_ws/install/tutorial_interfaces/share/tutorial_interfaces/cmake/tutorial_interfaces__rosidl_typesupport_introspection_cppExport-noconfig.cmake
[3.561s] -- Installing: /home/miguel/ros2_ws/install/tutorial_interfaces/share/tutorial_interfaces/cmake/tutorial_interfaces__rosidl_typesupport_cppExport.cmake
[3.561s] -- Installing: /home/miguel/ros2_ws/install/tutorial_interfaces/share/tutorial_interfaces/cmake/tutorial_interfaces__rosidl_typesupport_cppExport-noconfig.cmake
[3.561s] -- Installing: /home/miguel/ros2_ws/install/tutorial_interfaces/share/tutorial_interfaces/cmake/rosidl_cmake-extras.cmake
[3.562s] -- Installing: /home/miguel/ros2_ws/install/tutorial_interfaces/share/tutorial_interfaces/cmake/ament_cmake_export_dependencies-extras.cmake
[3.562s] -- Installing: /home/miguel/ros2_ws/install/tutorial_interfaces/share/tutorial_interfaces/cmake/ament_cmake_export_libraries-extras.cmake
[3.562s] -- Installing: /home/miguel/ros2_ws/install/tutorial_interfaces/share/tutorial_interfaces/cmake/ament_cmake_export_targets-extras.cmake
[3.562s] -- Installing: /home/miguel/ros2_ws/install/tutorial_interfaces/share/tutorial_interfaces/cmake/ament_cmake_export_include_directories-extras.cmake
[3.562s] -- Installing: /home/miguel/ros2_ws/install/tutorial_interfaces/share/tutorial_interfaces/cmake/rosidl_cmake_export_typesupport_libraries-extras.cmake
[3.562s] -- Installing: /home/miguel/ros2_ws/install/tutorial_interfaces/share/tutorial_interfaces/cmake/rosidl_cmake_export_typesupport_targets-extras.cmake
[3.562s] -- Installing: /home/miguel/ros2_ws/install/tutorial_interfaces/share/tutorial_interfaces/cmake/tutorial_interfacesConfig.cmake
[3.562s] -- Installing: /home/miguel/ros2_ws/install/tutorial_interfaces/share/tutorial_interfaces/cmake/tutorial_interfacesConfig-version.cmake
[3.562s] -- Installing: /home/miguel/ros2_ws/install/tutorial_interfaces/share/tutorial_interfaces/package.xml
[3.565s] Invoked command in '/home/miguel/ros2_ws/build/tutorial_interfaces' returned '0': CMAKE_PREFIX_PATH=/home/miguel/ros2_ws/install/my_robot_controller:/opt/ros/foxy /usr/bin/cmake --install /home/miguel/ros2_ws/build/tutorial_interfaces
