[0.013s] Invoking command in '/home/miguel/ros2_ws/build/tutorial_interfaces': CMAKE_PREFIX_PATH=/home/miguel/ros2_ws/install/my_robot_controller:/opt/ros/foxy /usr/bin/cmake /home/miguel/ros2_ws/src/tutorial_interfaces -DCMAKE_INSTALL_PREFIX=/home/miguel/ros2_ws/install/tutorial_interfaces
[0.025s] -- Found ament_cmake: 0.9.11 (/opt/ros/foxy/share/ament_cmake/cmake)
[0.048s] -- Found PythonInterp: /usr/bin/python3 (found suitable version "3.8.10", minimum required is "3") 
[0.048s] -- Using PYTHON_EXECUTABLE: /usr/bin/python3
[0.206s] -- Found ament_lint_auto: 0.9.7 (/opt/ros/foxy/share/ament_lint_auto/cmake)
[0.266s] -- Added test 'copyright' to check source files copyright and LICENSE
[0.269s] -- Added test 'lint_cmake' to check CMake code style
[0.271s] -- Added test 'xmllint' to check XML markup files
[0.273s] -- Found rosidl_default_generators: 1.0.1 (/opt/ros/foxy/share/rosidl_default_generators/cmake)
[0.275s] -- Using all available rosidl_typesupport_c: rosidl_typesupport_fastrtps_c;rosidl_typesupport_introspection_c
[0.278s] -- Found rosidl_adapter: 1.3.0 (/opt/ros/foxy/share/rosidl_adapter/cmake)
[0.393s] -- Using all available rosidl_typesupport_cpp: rosidl_typesupport_fastrtps_cpp;rosidl_typesupport_introspection_cpp
[0.413s] CMake Error at /opt/ros/foxy/share/rosidl_cmake/cmake/rosidl_generate_interfaces.cmake:64 (message):
[0.413s]   rosidl_generate_interfaces() must be called before ament_package()
[0.413s] Call Stack (most recent call first):
[0.413s]   CMakeLists.txt:39 (rosidl_generate_interfaces)
[0.414s] 
[0.414s] 
[0.414s] -- Configuring incomplete, errors occurred!
[0.414s] See also "/home/miguel/ros2_ws/build/tutorial_interfaces/CMakeFiles/CMakeOutput.log".
[0.419s] Invoked command in '/home/miguel/ros2_ws/build/tutorial_interfaces' returned '1': CMAKE_PREFIX_PATH=/home/miguel/ros2_ws/install/my_robot_controller:/opt/ros/foxy /usr/bin/cmake /home/miguel/ros2_ws/src/tutorial_interfaces -DCMAKE_INSTALL_PREFIX=/home/miguel/ros2_ws/install/tutorial_interfaces
