[0.585s] Invoking command in '/home/miguel/ros2_ws/src/my_robot_controller': PYTHONPATH=/home/miguel/ros2_ws/build/my_robot_controller/prefix_override:/home/miguel/ros2_ws/install/my_robot_controller/lib/python3.8/site-packages:${PYTHONPATH} /usr/bin/python3 setup.py egg_info --egg-base ../../build/my_robot_controller build --build-base /home/miguel/ros2_ws/build/my_robot_controller/build install --record /home/miguel/ros2_ws/build/my_robot_controller/install.log --install-scripts $base/lib/my_robot_controller --single-version-externally-managed
[0.785s] running egg_info
[0.785s] writing ../../build/my_robot_controller/my_robot_controller.egg-info/PKG-INFO
[0.786s] writing dependency_links to ../../build/my_robot_controller/my_robot_controller.egg-info/dependency_links.txt
[0.786s] writing entry points to ../../build/my_robot_controller/my_robot_controller.egg-info/entry_points.txt
[0.786s] writing requirements to ../../build/my_robot_controller/my_robot_controller.egg-info/requires.txt
[0.786s] writing top-level names to ../../build/my_robot_controller/my_robot_controller.egg-info/top_level.txt
[0.820s] reading manifest file '../../build/my_robot_controller/my_robot_controller.egg-info/SOURCES.txt'
[0.820s] writing manifest file '../../build/my_robot_controller/my_robot_controller.egg-info/SOURCES.txt'
[0.820s] running build
[0.820s] running build_py
[0.821s] copying my_robot_controller/my_first_node.py -> /home/miguel/ros2_ws/build/my_robot_controller/build/lib/my_robot_controller
[0.821s] running install
[0.821s] running install_lib
[0.822s] copying /home/miguel/ros2_ws/build/my_robot_controller/build/lib/my_robot_controller/my_first_node.py -> /home/miguel/ros2_ws/install/my_robot_controller/lib/python3.8/site-packages/my_robot_controller
[0.823s] byte-compiling /home/miguel/ros2_ws/install/my_robot_controller/lib/python3.8/site-packages/my_robot_controller/my_first_node.py to my_first_node.cpython-38.pyc
[0.824s] running install_data
[0.824s] running install_egg_info
[0.825s] removing '/home/miguel/ros2_ws/install/my_robot_controller/lib/python3.8/site-packages/my_robot_controller-0.0.0-py3.8.egg-info' (and everything under it)
[0.825s] Copying ../../build/my_robot_controller/my_robot_controller.egg-info to /home/miguel/ros2_ws/install/my_robot_controller/lib/python3.8/site-packages/my_robot_controller-0.0.0-py3.8.egg-info
[0.826s] running install_scripts
[0.843s] Installing test_node script to /home/miguel/ros2_ws/install/my_robot_controller/lib/my_robot_controller
[0.843s] writing list of installed files to '/home/miguel/ros2_ws/build/my_robot_controller/install.log'
[0.864s] Invoked command in '/home/miguel/ros2_ws/src/my_robot_controller' returned '0': PYTHONPATH=/home/miguel/ros2_ws/build/my_robot_controller/prefix_override:/home/miguel/ros2_ws/install/my_robot_controller/lib/python3.8/site-packages:${PYTHONPATH} /usr/bin/python3 setup.py egg_info --egg-base ../../build/my_robot_controller build --build-base /home/miguel/ros2_ws/build/my_robot_controller/build install --record /home/miguel/ros2_ws/build/my_robot_controller/install.log --install-scripts $base/lib/my_robot_controller --single-version-externally-managed
